<?xml version="1.0" encoding="UTF-8"?>
<testng-results ignored="0" total="2" passed="2" failed="0" skipped="0">
  <reporter-output>
  </reporter-output>
  <suite started-at="2024-03-04T11:56:26 IST" name="Default suite" finished-at="2024-03-04T11:56:29 IST" duration-ms="3071">
    <groups>
    </groups>
    <test started-at="2024-03-04T11:56:26 IST" name="Default test" finished-at="2024-03-04T11:56:29 IST" duration-ms="3071">
      <class name="GoogleNavigation.DynamicJson">
        <test-method signature="addBook(java.lang.String,java.lang.String)[pri:0, instance:GoogleNavigation.DynamicJson@82de64a]" started-at="2024-03-04T11:56:26 IST" name="addBook" data-provider="AddBook" finished-at="2024-03-04T11:56:29 IST" duration-ms="2899" status="PASS">
          <params>
            <param index="0">
              <value>
                <![CDATA[sdf]]>
              </value>
            </param>
            <param index="1">
              <value>
                <![CDATA[123456]]>
              </value>
            </param>
          </params>
          <reporter-output>
          </reporter-output>
        </test-method> <!-- addBook -->
        <test-method signature="addBook(java.lang.String,java.lang.String)[pri:0, instance:GoogleNavigation.DynamicJson@82de64a]" started-at="2024-03-04T11:56:29 IST" name="addBook" data-provider="AddBook" finished-at="2024-03-04T11:56:29 IST" duration-ms="101" status="PASS">
          <params>
            <param index="0">
              <value>
                <![CDATA[sadf]]>
              </value>
            </param>
            <param index="1">
              <value>
                <![CDATA[879879]]>
              </value>
            </param>
          </params>
          <reporter-output>
          </reporter-output>
        </test-method> <!-- addBook -->
      </class> <!-- GoogleNavigation.DynamicJson -->
    </test> <!-- Default test -->
  </suite> <!-- Default suite -->
</testng-results>
